# JRE version: OpenJDK Runtime Environment (11.0.7+10) (build 11.0.7+10-b765.53)
# Java VM: OpenJDK 64-Bit Server VM (11.0.7+10-b765.53, mixed mode, tiered, compressed oops, concurrent mark sweep gc, linux-amd64)
Heap:
 par new generation   total 39296K, used 32710K [0x00000000d1200000, 0x00000000d3ca0000, 0x00000000e0c00000)
  eden space 34944K,  85% used [0x00000000d1200000, 0x00000000d2f37170, 0x00000000d3420000)
  from space 4352K,  64% used [0x00000000d3860000, 0x00000000d3b1a780, 0x00000000d3ca0000)
  to   space 4352K,   0% used [0x00000000d3420000, 0x00000000d3420000, 0x00000000d3860000)
 concurrent mark-sweep generation total 343576K, used 264383K [0x00000000e0c00000, 0x00000000f5b86000, 0x0000000100000000)
 Metaspace       used 328290K, capacity 340583K, committed 341024K, reserved 1345536K
  class space    used 40517K, capacity 45284K, committed 45404K, reserved 1048576K
GC Heap History (20 events):
Event: 3372,520 GC heap before
{Heap before GC invocations=895 (full 16):
 par new generation   total 39296K, used 38447K [0x00000000d1200000, 0x00000000d3ca0000, 0x00000000e0c00000)
  eden space 34944K, 100% used [0x00000000d1200000, 0x00000000d3420000, 0x00000000d3420000)
  from space 4352K,  80% used [0x00000000d3860000, 0x00000000d3bcbea0, 0x00000000d3ca0000)
  to   space 4352K,   0% used [0x00000000d3420000, 0x00000000d3420000, 0x00000000d3860000)
 concurrent mark-sweep generation total 343576K, used 252024K [0x00000000e0c00000, 0x00000000f5b86000, 0x0000000100000000)
 Metaspace       used 328089K, capacity 340402K, committed 340768K, reserved 1345536K
  class space    used 40503K, capacity 45270K, committed 45404K, reserved 1048576K
}
Event: 3372,523 GC heap after
{Heap after GC invocations=896 (full 16):
 par new generation   total 39296K, used 908K [0x00000000d1200000, 0x00000000d3ca0000, 0x00000000e0c00000)
  eden space 34944K,   0% used [0x00000000d1200000, 0x00000000d1200000, 0x00000000d3420000)
  from space 4352K,  20% used [0x00000000d3420000, 0x00000000d35033e0, 0x00000000d3860000)
  to   space 4352K,   0% used [0x00000000d3860000, 0x00000000d3860000, 0x00000000d3ca0000)
 concurrent mark-sweep generation total 343576K, used 252024K [0x00000000e0c00000, 0x00000000f5b86000, 0x0000000100000000)
 Metaspace       used 328089K, capacity 340402K, committed 340768K, reserved 1345536K
  class space    used 40503K, capacity 45270K, committed 45404K, reserved 1048576K
}
Event: 3375,432 GC heap before
{Heap before GC invocations=896 (full 16):
 par new generation   total 39296K, used 35852K [0x00000000d1200000, 0x00000000d3ca0000, 0x00000000e0c00000)
  eden space 34944K, 100% used [0x00000000d1200000, 0x00000000d3420000, 0x00000000d3420000)
  from space 4352K,  20% used [0x00000000d3420000, 0x00000000d35033e0, 0x00000000d3860000)
  to   space 4352K,   0% used [0x00000000d3860000, 0x00000000d3860000, 0x00000000d3ca0000)
 concurrent mark-sweep generation total 343576K, used 252024K [0x00000000e0c00000, 0x00000000f5b86000, 0x0000000100000000)
 Metaspace       used 328126K, capacity 340405K, committed 340768K, reserved 1345536K
  class space    used 40503K, capacity 45270K, committed 45404K, reserved 1048576K
}
Event: 3375,435 GC heap after
{Heap after GC invocations=897 (full 16):
 par new generation   total 39296K, used 658K [0x00000000d1200000, 0x00000000d3ca0000, 0x00000000e0c00000)
  eden space 34944K,   0% used [0x00000000d1200000, 0x00000000d1200000, 0x00000000d3420000)
  from space 4352K,  15% used [0x00000000d3860000, 0x00000000d3904818, 0x00000000d3ca0000)
  to   space 4352K,   0% used [0x00000000d3420000, 0x00000000d3420000, 0x00000000d3860000)
 concurrent mark-sweep generation total 343576K, used 252024K [0x00000000e0c00000, 0x00000000f5b86000, 0x0000000100000000)
 Metaspace       used 328126K, capacity 340405K, committed 340768K, reserved 1345536K
  class space    used 40503K, capacity 45270K, committed 45404K, reserved 1048576K
}
Event: 3376,087 GC heap before
{Heap before GC invocations=897 (full 16):
 par new generation   total 39296K, used 35602K [0x00000000d1200000, 0x00000000d3ca0000, 0x00000000e0c00000)
  eden space 34944K, 100% used [0x00000000d1200000, 0x00000000d3420000, 0x00000000d3420000)
  from space 4352K,  15% used [0x00000000d3860000, 0x00000000d3904818, 0x00000000d3ca0000)
  to   space 4352K,   0% used [0x00000000d3420000, 0x00000000d3420000, 0x00000000d3860000)
 concurrent mark-sweep generation total 343576K, used 252024K [0x00000000e0c00000, 0x00000000f5b86000, 0x0000000100000000)
 Metaspace       used 328153K, capacity 340408K, committed 340768K, reserved 1345536K
  class space    used 40504K, capacity 45271K, committed 45404K, reserved 1048576K
}
Event: 3376,094 GC heap after
{Heap after GC invocations=898 (full 16):
 par new generation   total 39296K, used 2524K [0x00000000d1200000, 0x00000000d3ca0000, 0x00000000e0c00000)
  eden space 34944K,   0% used [0x00000000d1200000, 0x00000000d1200000, 0x00000000d3420000)
  from space 4352K,  58% used [0x00000000d3420000, 0x00000000d3697230, 0x00000000d3860000)
  to   space 4352K,   0% used [0x00000000d3860000, 0x00000000d3860000, 0x00000000d3ca0000)
 concurrent mark-sweep generation total 343576K, used 252024K [0x00000000e0c00000, 0x00000000f5b86000, 0x0000000100000000)
 Metaspace       used 328153K, capacity 340408K, committed 340768K, reserved 1345536K
  class space    used 40504K, capacity 45271K, committed 45404K, reserved 1048576K
}
Event: 3378,332 GC heap before
{Heap before GC invocations=898 (full 16):
 par new generation   total 39296K, used 37468K [0x00000000d1200000, 0x00000000d3ca0000, 0x00000000e0c00000)
  eden space 34944K, 100% used [0x00000000d1200000, 0x00000000d3420000, 0x00000000d3420000)
  from space 4352K,  58% used [0x00000000d3420000, 0x00000000d3697230, 0x00000000d3860000)
  to   space 4352K,   0% used [0x00000000d3860000, 0x00000000d3860000, 0x00000000d3ca0000)
 concurrent mark-sweep generation total 343576K, used 252024K [0x00000000e0c00000, 0x00000000f5b86000, 0x0000000100000000)
 Metaspace       used 328200K, capacity 340475K, committed 340768K, reserved 1345536K
  class space    used 40507K, capacity 45272K, committed 45404K, reserved 1048576K
}
Event: 3378,346 GC heap after
{Heap after GC invocations=899 (full 16):
 par new generation   total 39296K, used 1224K [0x00000000d1200000, 0x00000000d3ca0000, 0x00000000e0c00000)
  eden space 34944K,   0% used [0x00000000d1200000, 0x00000000d1200000, 0x00000000d3420000)
  from space 4352K,  28% used [0x00000000d3860000, 0x00000000d3992100, 0x00000000d3ca0000)
  to   space 4352K,   0% used [0x00000000d3420000, 0x00000000d3420000, 0x00000000d3860000)
 concurrent mark-sweep generation total 343576K, used 254213K [0x00000000e0c00000, 0x00000000f5b86000, 0x0000000100000000)
 Metaspace       used 328200K, capacity 340475K, committed 340768K, reserved 1345536K
  class space    used 40507K, capacity 45272K, committed 45404K, reserved 1048576K
}
Event: 3380,851 GC heap before
{Heap before GC invocations=899 (full 16):
 par new generation   total 39296K, used 36168K [0x00000000d1200000, 0x00000000d3ca0000, 0x00000000e0c00000)
  eden space 34944K, 100% used [0x00000000d1200000, 0x00000000d3420000, 0x00000000d3420000)
  from space 4352K,  28% used [0x00000000d3860000, 0x00000000d3992100, 0x00000000d3ca0000)
  to   space 4352K,   0% used [0x00000000d3420000, 0x00000000d3420000, 0x00000000d3860000)
 concurrent mark-sweep generation total 343576K, used 254213K [0x00000000e0c00000, 0x00000000f5b86000, 0x0000000100000000)
 Metaspace       used 328204K, capacity 340475K, committed 340768K, reserved 1345536K
  class space    used 40507K, capacity 45272K, committed 45404K, reserved 1048576K
}
Event: 3380,855 GC heap after
{Heap after GC invocations=900 (full 16):
 par new generation   total 39296K, used 380K [0x00000000d1200000, 0x00000000d3ca0000, 0x00000000e0c00000)
  eden space 34944K,   0% used [0x00000000d1200000, 0x00000000d1200000, 0x00000000d3420000)
  from space 4352K,   8% used [0x00000000d3420000, 0x00000000d347f160, 0x00000000d3860000)
  to   space 4352K,   0% used [0x00000000d3860000, 0x00000000d3860000, 0x00000000d3ca0000)
 concurrent mark-sweep generation total 343576K, used 254213K [0x00000000e0c00000, 0x00000000f5b86000, 0x0000000100000000)
 Metaspace       used 328204K, capacity 340475K, committed 340768K, reserved 1345536K
  class space    used 40507K, capacity 45272K, committed 45404K, reserved 1048576K
}
Event: 3389,536 GC heap before
{Heap before GC invocations=900 (full 16):
 par new generation   total 39296K, used 35324K [0x00000000d1200000, 0x00000000d3ca0000, 0x00000000e0c00000)
  eden space 34944K,  99% used [0x00000000d1200000, 0x00000000d341fff8, 0x00000000d3420000)
  from space 4352K,   8% used [0x00000000d3420000, 0x00000000d347f160, 0x00000000d3860000)
  to   space 4352K,   0% used [0x00000000d3860000, 0x00000000d3860000, 0x00000000d3ca0000)
 concurrent mark-sweep generation total 343576K, used 254213K [0x00000000e0c00000, 0x00000000f5b86000, 0x0000000100000000)
 Metaspace       used 328205K, capacity 340475K, committed 340768K, reserved 1345536K
  class space    used 40507K, capacity 45272K, committed 45404K, reserved 1048576K
}
Event: 3389,539 GC heap after
{Heap after GC invocations=901 (full 16):
 par new generation   total 39296K, used 532K [0x00000000d1200000, 0x00000000d3ca0000, 0x00000000e0c00000)
  eden space 34944K,   0% used [0x00000000d1200000, 0x00000000d1200000, 0x00000000d3420000)
  from space 4352K,  12% used [0x00000000d3860000, 0x00000000d38e51b0, 0x00000000d3ca0000)
  to   space 4352K,   0% used [0x00000000d3420000, 0x00000000d3420000, 0x00000000d3860000)
 concurrent mark-sweep generation total 343576K, used 254213K [0x00000000e0c00000, 0x00000000f5b86000, 0x0000000100000000)
 Metaspace       used 328205K, capacity 340475K, committed 340768K, reserved 1345536K
  class space    used 40507K, capacity 45272K, committed 45404K, reserved 1048576K
}
Event: 3390,072 GC heap before
{Heap before GC invocations=901 (full 16):
 par new generation   total 39296K, used 35476K [0x00000000d1200000, 0x00000000d3ca0000, 0x00000000e0c00000)
  eden space 34944K, 100% used [0x00000000d1200000, 0x00000000d3420000, 0x00000000d3420000)
  from space 4352K,  12% used [0x00000000d3860000, 0x00000000d38e51b0, 0x00000000d3ca0000)
  to   space 4352K,   0% used [0x00000000d3420000, 0x00000000d3420000, 0x00000000d3860000)
 concurrent mark-sweep generation total 343576K, used 254213K [0x00000000e0c00000, 0x00000000f5b86000, 0x0000000100000000)
 Metaspace       used 328271K, capacity 340580K, committed 341024K, reserved 1345536K
  class space    used 40516K, capacity 45284K, committed 45404K, reserved 1048576K
}
Event: 3390,083 GC heap after
{Heap after GC invocations=902 (full 16):
 par new generation   total 39296K, used 4352K [0x00000000d1200000, 0x00000000d3ca0000, 0x00000000e0c00000)
  eden space 34944K,   0% used [0x00000000d1200000, 0x00000000d1200000, 0x00000000d3420000)
  from space 4352K, 100% used [0x00000000d3420000, 0x00000000d3860000, 0x00000000d3860000)
  to   space 4352K,   0% used [0x00000000d3860000, 0x00000000d3860000, 0x00000000d3ca0000)
 concurrent mark-sweep generation total 343576K, used 255604K [0x00000000e0c00000, 0x00000000f5b86000, 0x0000000100000000)
 Metaspace       used 328271K, capacity 340580K, committed 341024K, reserved 1345536K
  class space    used 40516K, capacity 45284K, committed 45404K, reserved 1048576K
}
Event: 3391,623 GC heap before
{Heap before GC invocations=902 (full 16):
 par new generation   total 39296K, used 39296K [0x00000000d1200000, 0x00000000d3ca0000, 0x00000000e0c00000)
  eden space 34944K, 100% used [0x00000000d1200000, 0x00000000d3420000, 0x00000000d3420000)
  from space 4352K, 100% used [0x00000000d3420000, 0x00000000d3860000, 0x00000000d3860000)
  to   space 4352K,   0% used [0x00000000d3860000, 0x00000000d3860000, 0x00000000d3ca0000)
 concurrent mark-sweep generation total 343576K, used 255604K [0x00000000e0c00000, 0x00000000f5b86000, 0x0000000100000000)
 Metaspace       used 328271K, capacity 340580K, committed 341024K, reserved 1345536K
  class space    used 40516K, capacity 45284K, committed 45404K, reserved 1048576K
}
Event: 3391,642 GC heap after
{Heap after GC invocations=903 (full 16):
 par new generation   total 39296K, used 1158K [0x00000000d1200000, 0x00000000d3ca0000, 0x00000000e0c00000)
  eden space 34944K,   0% used [0x00000000d1200000, 0x00000000d1200000, 0x00000000d3420000)
  from space 4352K,  26% used [0x00000000d3860000, 0x00000000d3981960, 0x00000000d3ca0000)
  to   space 4352K,   0% used [0x00000000d3420000, 0x00000000d3420000, 0x00000000d3860000)
 concurrent mark-sweep generation total 343576K, used 259885K [0x00000000e0c00000, 0x00000000f5b86000, 0x0000000100000000)
 Metaspace       used 328271K, capacity 340580K, committed 341024K, reserved 1345536K
  class space    used 40516K, capacity 45284K, committed 45404K, reserved 1048576K
}
Event: 3392,585 GC heap before
{Heap before GC invocations=903 (full 16):
 par new generation   total 39296K, used 36102K [0x00000000d1200000, 0x00000000d3ca0000, 0x00000000e0c00000)
  eden space 34944K, 100% used [0x00000000d1200000, 0x00000000d3420000, 0x00000000d3420000)
  from space 4352K,  26% used [0x00000000d3860000, 0x00000000d3981960, 0x00000000d3ca0000)
  to   space 4352K,   0% used [0x00000000d3420000, 0x00000000d3420000, 0x00000000d3860000)
 concurrent mark-sweep generation total 343576K, used 259885K [0x00000000e0c00000, 0x00000000f5b86000, 0x0000000100000000)
 Metaspace       used 328275K, capacity 340582K, committed 341024K, reserved 1345536K
  class space    used 40516K, capacity 45284K, committed 45404K, reserved 1048576K
}
Event: 3392,594 GC heap after
{Heap after GC invocations=904 (full 16):
 par new generation   total 39296K, used 4352K [0x00000000d1200000, 0x00000000d3ca0000, 0x00000000e0c00000)
  eden space 34944K,   0% used [0x00000000d1200000, 0x00000000d1200000, 0x00000000d3420000)
  from space 4352K, 100% used [0x00000000d3420000, 0x00000000d3860000, 0x00000000d3860000)
  to   space 4352K,   0% used [0x00000000d3860000, 0x00000000d3860000, 0x00000000d3ca0000)
 concurrent mark-sweep generation total 343576K, used 260256K [0x00000000e0c00000, 0x00000000f5b86000, 0x0000000100000000)
 Metaspace       used 328275K, capacity 340582K, committed 341024K, reserved 1345536K
  class space    used 40516K, capacity 45284K, committed 45404K, reserved 1048576K
}
Event: 3396,352 GC heap before
{Heap before GC invocations=904 (full 16):
 par new generation   total 39296K, used 39296K [0x00000000d1200000, 0x00000000d3ca0000, 0x00000000e0c00000)
  eden space 34944K, 100% used [0x00000000d1200000, 0x00000000d3420000, 0x00000000d3420000)
  from space 4352K, 100% used [0x00000000d3420000, 0x00000000d3860000, 0x00000000d3860000)
  to   space 4352K,   0% used [0x00000000d3860000, 0x00000000d3860000, 0x00000000d3ca0000)
 concurrent mark-sweep generation total 343576K, used 260256K [0x00000000e0c00000, 0x00000000f5b86000, 0x0000000100000000)
 Metaspace       used 328278K, capacity 340583K, committed 341024K, reserved 1345536K
  class space    used 40516K, capacity 45284K, committed 45404K, reserved 1048576K
}
Event: 3396,372 GC heap after
{Heap after GC invocations=905 (full 16):
 par new generation   total 39296K, used 2793K [0x00000000d1200000, 0x00000000d3ca0000, 0x00000000e0c00000)
  eden space 34944K,   0% used [0x00000000d1200000, 0x00000000d1200000, 0x00000000d3420000)
  from space 4352K,  64% used [0x00000000d3860000, 0x00000000d3b1a780, 0x00000000d3ca0000)
  to   space 4352K,   0% used [0x00000000d3420000, 0x00000000d3420000, 0x00000000d3860000)
 concurrent mark-sweep generation total 343576K, used 264383K [0x00000000e0c00000, 0x00000000f5b86000, 0x0000000100000000)
 Metaspace       used 328278K, capacity 340583K, committed 341024K, reserved 1345536K
  class space    used 40516K, capacity 45284K, committed 45404K, reserved 1048576K
}

