# JRE version: OpenJDK Runtime Environment (11.0.7+10) (build 11.0.7+10-b765.53)
# Java VM: OpenJDK 64-Bit Server VM (11.0.7+10-b765.53, mixed mode, tiered, compressed oops, concurrent mark sweep gc, linux-amd64)
Heap:
 par new generation   total 39296K, used 23398K [0x00000000d1200000, 0x00000000d3ca0000, 0x00000000e0c00000)
  eden space 34944K,  63% used [0x00000000d1200000, 0x00000000d2787158, 0x00000000d3420000)
  from space 4352K,  31% used [0x00000000d3420000, 0x00000000d35729b8, 0x00000000d3860000)
  to   space 4352K,   0% used [0x00000000d3860000, 0x00000000d3860000, 0x00000000d3ca0000)
 concurrent mark-sweep generation total 314848K, used 245621K [0x00000000e0c00000, 0x00000000f3f78000, 0x0000000100000000)
 Metaspace       used 330689K, capacity 343438K, committed 343560K, reserved 1347584K
  class space    used 40627K, capacity 45570K, committed 45684K, reserved 1048576K
GC Heap History (20 events):
Event: 2374,123 GC heap before
{Heap before GC invocations=820 (full 13):
 par new generation   total 39296K, used 38914K [0x00000000d1200000, 0x00000000d3ca0000, 0x00000000e0c00000)
  eden space 34944K, 100% used [0x00000000d1200000, 0x00000000d3420000, 0x00000000d3420000)
  from space 4352K,  91% used [0x00000000d3420000, 0x00000000d3800ab8, 0x00000000d3860000)
  to   space 4352K,   0% used [0x00000000d3860000, 0x00000000d3860000, 0x00000000d3ca0000)
 concurrent mark-sweep generation total 314848K, used 240331K [0x00000000e0c00000, 0x00000000f3f78000, 0x0000000100000000)
 Metaspace       used 330564K, capacity 343236K, committed 343560K, reserved 1347584K
  class space    used 40626K, capacity 45569K, committed 45684K, reserved 1048576K
}
Event: 2374,130 GC heap after
{Heap after GC invocations=821 (full 13):
 par new generation   total 39296K, used 3361K [0x00000000d1200000, 0x00000000d3ca0000, 0x00000000e0c00000)
  eden space 34944K,   0% used [0x00000000d1200000, 0x00000000d1200000, 0x00000000d3420000)
  from space 4352K,  77% used [0x00000000d3860000, 0x00000000d3ba8620, 0x00000000d3ca0000)
  to   space 4352K,   0% used [0x00000000d3420000, 0x00000000d3420000, 0x00000000d3860000)
 concurrent mark-sweep generation total 314848K, used 243939K [0x00000000e0c00000, 0x00000000f3f78000, 0x0000000100000000)
 Metaspace       used 330564K, capacity 343236K, committed 343560K, reserved 1347584K
  class space    used 40626K, capacity 45569K, committed 45684K, reserved 1048576K
}
Event: 2374,683 GC heap before
{Heap before GC invocations=821 (full 13):
 par new generation   total 39296K, used 38305K [0x00000000d1200000, 0x00000000d3ca0000, 0x00000000e0c00000)
  eden space 34944K, 100% used [0x00000000d1200000, 0x00000000d3420000, 0x00000000d3420000)
  from space 4352K,  77% used [0x00000000d3860000, 0x00000000d3ba8620, 0x00000000d3ca0000)
  to   space 4352K,   0% used [0x00000000d3420000, 0x00000000d3420000, 0x00000000d3860000)
 concurrent mark-sweep generation total 314848K, used 243939K [0x00000000e0c00000, 0x00000000f3f78000, 0x0000000100000000)
 Metaspace       used 330577K, capacity 343238K, committed 343560K, reserved 1347584K
  class space    used 40626K, capacity 45569K, committed 45684K, reserved 1048576K
}
Event: 2374,686 GC heap after
{Heap after GC invocations=822 (full 13):
 par new generation   total 39296K, used 2163K [0x00000000d1200000, 0x00000000d3ca0000, 0x00000000e0c00000)
  eden space 34944K,   0% used [0x00000000d1200000, 0x00000000d1200000, 0x00000000d3420000)
  from space 4352K,  49% used [0x00000000d3420000, 0x00000000d363cca8, 0x00000000d3860000)
  to   space 4352K,   0% used [0x00000000d3860000, 0x00000000d3860000, 0x00000000d3ca0000)
 concurrent mark-sweep generation total 314848K, used 243939K [0x00000000e0c00000, 0x00000000f3f78000, 0x0000000100000000)
 Metaspace       used 330577K, capacity 343238K, committed 343560K, reserved 1347584K
  class space    used 40626K, capacity 45569K, committed 45684K, reserved 1048576K
}
Event: 2376,710 GC heap before
{Heap before GC invocations=822 (full 13):
 par new generation   total 39296K, used 37107K [0x00000000d1200000, 0x00000000d3ca0000, 0x00000000e0c00000)
  eden space 34944K, 100% used [0x00000000d1200000, 0x00000000d3420000, 0x00000000d3420000)
  from space 4352K,  49% used [0x00000000d3420000, 0x00000000d363cca8, 0x00000000d3860000)
  to   space 4352K,   0% used [0x00000000d3860000, 0x00000000d3860000, 0x00000000d3ca0000)
 concurrent mark-sweep generation total 314848K, used 243939K [0x00000000e0c00000, 0x00000000f3f78000, 0x0000000100000000)
 Metaspace       used 330586K, capacity 343238K, committed 343560K, reserved 1347584K
  class space    used 40626K, capacity 45569K, committed 45684K, reserved 1048576K
}
Event: 2376,712 GC heap after
{Heap after GC invocations=823 (full 13):
 par new generation   total 39296K, used 1696K [0x00000000d1200000, 0x00000000d3ca0000, 0x00000000e0c00000)
  eden space 34944K,   0% used [0x00000000d1200000, 0x00000000d1200000, 0x00000000d3420000)
  from space 4352K,  38% used [0x00000000d3860000, 0x00000000d3a08328, 0x00000000d3ca0000)
  to   space 4352K,   0% used [0x00000000d3420000, 0x00000000d3420000, 0x00000000d3860000)
 concurrent mark-sweep generation total 314848K, used 243939K [0x00000000e0c00000, 0x00000000f3f78000, 0x0000000100000000)
 Metaspace       used 330586K, capacity 343238K, committed 343560K, reserved 1347584K
  class space    used 40626K, capacity 45569K, committed 45684K, reserved 1048576K
}
Event: 2380,459 GC heap before
{Heap before GC invocations=823 (full 13):
 par new generation   total 39296K, used 36640K [0x00000000d1200000, 0x00000000d3ca0000, 0x00000000e0c00000)
  eden space 34944K, 100% used [0x00000000d1200000, 0x00000000d3420000, 0x00000000d3420000)
  from space 4352K,  38% used [0x00000000d3860000, 0x00000000d3a08328, 0x00000000d3ca0000)
  to   space 4352K,   0% used [0x00000000d3420000, 0x00000000d3420000, 0x00000000d3860000)
 concurrent mark-sweep generation total 314848K, used 243939K [0x00000000e0c00000, 0x00000000f3f78000, 0x0000000100000000)
 Metaspace       used 330623K, capacity 343372K, committed 343560K, reserved 1347584K
  class space    used 40627K, capacity 45570K, committed 45684K, reserved 1048576K
}
Event: 2380,463 GC heap after
{Heap after GC invocations=824 (full 13):
 par new generation   total 39296K, used 2090K [0x00000000d1200000, 0x00000000d3ca0000, 0x00000000e0c00000)
  eden space 34944K,   0% used [0x00000000d1200000, 0x00000000d1200000, 0x00000000d3420000)
  from space 4352K,  48% used [0x00000000d3420000, 0x00000000d362a828, 0x00000000d3860000)
  to   space 4352K,   0% used [0x00000000d3860000, 0x00000000d3860000, 0x00000000d3ca0000)
 concurrent mark-sweep generation total 314848K, used 243939K [0x00000000e0c00000, 0x00000000f3f78000, 0x0000000100000000)
 Metaspace       used 330623K, capacity 343372K, committed 343560K, reserved 1347584K
  class space    used 40627K, capacity 45570K, committed 45684K, reserved 1048576K
}
Event: 2381,373 GC heap before
{Heap before GC invocations=824 (full 13):
 par new generation   total 39296K, used 37034K [0x00000000d1200000, 0x00000000d3ca0000, 0x00000000e0c00000)
  eden space 34944K, 100% used [0x00000000d1200000, 0x00000000d3420000, 0x00000000d3420000)
  from space 4352K,  48% used [0x00000000d3420000, 0x00000000d362a828, 0x00000000d3860000)
  to   space 4352K,   0% used [0x00000000d3860000, 0x00000000d3860000, 0x00000000d3ca0000)
 concurrent mark-sweep generation total 314848K, used 243939K [0x00000000e0c00000, 0x00000000f3f78000, 0x0000000100000000)
 Metaspace       used 330641K, capacity 343437K, committed 343560K, reserved 1347584K
  class space    used 40627K, capacity 45570K, committed 45684K, reserved 1048576K
}
Event: 2381,377 GC heap after
{Heap after GC invocations=825 (full 13):
 par new generation   total 39296K, used 1918K [0x00000000d1200000, 0x00000000d3ca0000, 0x00000000e0c00000)
  eden space 34944K,   0% used [0x00000000d1200000, 0x00000000d1200000, 0x00000000d3420000)
  from space 4352K,  44% used [0x00000000d3860000, 0x00000000d3a3f820, 0x00000000d3ca0000)
  to   space 4352K,   0% used [0x00000000d3420000, 0x00000000d3420000, 0x00000000d3860000)
 concurrent mark-sweep generation total 314848K, used 243939K [0x00000000e0c00000, 0x00000000f3f78000, 0x0000000100000000)
 Metaspace       used 330641K, capacity 343437K, committed 343560K, reserved 1347584K
  class space    used 40627K, capacity 45570K, committed 45684K, reserved 1048576K
}
Event: 2382,798 GC heap before
{Heap before GC invocations=825 (full 13):
 par new generation   total 39296K, used 36862K [0x00000000d1200000, 0x00000000d3ca0000, 0x00000000e0c00000)
  eden space 34944K, 100% used [0x00000000d1200000, 0x00000000d3420000, 0x00000000d3420000)
  from space 4352K,  44% used [0x00000000d3860000, 0x00000000d3a3f820, 0x00000000d3ca0000)
  to   space 4352K,   0% used [0x00000000d3420000, 0x00000000d3420000, 0x00000000d3860000)
 concurrent mark-sweep generation total 314848K, used 243939K [0x00000000e0c00000, 0x00000000f3f78000, 0x0000000100000000)
 Metaspace       used 330646K, capacity 343437K, committed 343560K, reserved 1347584K
  class space    used 40627K, capacity 45570K, committed 45684K, reserved 1048576K
}
Event: 2382,801 GC heap after
{Heap after GC invocations=826 (full 13):
 par new generation   total 39296K, used 1958K [0x00000000d1200000, 0x00000000d3ca0000, 0x00000000e0c00000)
  eden space 34944K,   0% used [0x00000000d1200000, 0x00000000d1200000, 0x00000000d3420000)
  from space 4352K,  45% used [0x00000000d3420000, 0x00000000d3609ab0, 0x00000000d3860000)
  to   space 4352K,   0% used [0x00000000d3860000, 0x00000000d3860000, 0x00000000d3ca0000)
 concurrent mark-sweep generation total 314848K, used 243939K [0x00000000e0c00000, 0x00000000f3f78000, 0x0000000100000000)
 Metaspace       used 330646K, capacity 343437K, committed 343560K, reserved 1347584K
  class space    used 40627K, capacity 45570K, committed 45684K, reserved 1048576K
}
Event: 2384,838 GC heap before
{Heap before GC invocations=826 (full 13):
 par new generation   total 39296K, used 36902K [0x00000000d1200000, 0x00000000d3ca0000, 0x00000000e0c00000)
  eden space 34944K, 100% used [0x00000000d1200000, 0x00000000d3420000, 0x00000000d3420000)
  from space 4352K,  45% used [0x00000000d3420000, 0x00000000d3609ab0, 0x00000000d3860000)
  to   space 4352K,   0% used [0x00000000d3860000, 0x00000000d3860000, 0x00000000d3ca0000)
 concurrent mark-sweep generation total 314848K, used 243939K [0x00000000e0c00000, 0x00000000f3f78000, 0x0000000100000000)
 Metaspace       used 330647K, capacity 343437K, committed 343560K, reserved 1347584K
  class space    used 40627K, capacity 45570K, committed 45684K, reserved 1048576K
}
Event: 2384,841 GC heap after
{Heap after GC invocations=827 (full 13):
 par new generation   total 39296K, used 956K [0x00000000d1200000, 0x00000000d3ca0000, 0x00000000e0c00000)
  eden space 34944K,   0% used [0x00000000d1200000, 0x00000000d1200000, 0x00000000d3420000)
  from space 4352K,  21% used [0x00000000d3860000, 0x00000000d394f180, 0x00000000d3ca0000)
  to   space 4352K,   0% used [0x00000000d3420000, 0x00000000d3420000, 0x00000000d3860000)
 concurrent mark-sweep generation total 314848K, used 244938K [0x00000000e0c00000, 0x00000000f3f78000, 0x0000000100000000)
 Metaspace       used 330647K, capacity 343437K, committed 343560K, reserved 1347584K
  class space    used 40627K, capacity 45570K, committed 45684K, reserved 1048576K
}
Event: 2386,878 GC heap before
{Heap before GC invocations=827 (full 13):
 par new generation   total 39296K, used 35900K [0x00000000d1200000, 0x00000000d3ca0000, 0x00000000e0c00000)
  eden space 34944K, 100% used [0x00000000d1200000, 0x00000000d3420000, 0x00000000d3420000)
  from space 4352K,  21% used [0x00000000d3860000, 0x00000000d394f180, 0x00000000d3ca0000)
  to   space 4352K,   0% used [0x00000000d3420000, 0x00000000d3420000, 0x00000000d3860000)
 concurrent mark-sweep generation total 314848K, used 244938K [0x00000000e0c00000, 0x00000000f3f78000, 0x0000000100000000)
 Metaspace       used 330648K, capacity 343437K, committed 343560K, reserved 1347584K
  class space    used 40627K, capacity 45570K, committed 45684K, reserved 1048576K
}
Event: 2386,880 GC heap after
{Heap after GC invocations=828 (full 13):
 par new generation   total 39296K, used 814K [0x00000000d1200000, 0x00000000d3ca0000, 0x00000000e0c00000)
  eden space 34944K,   0% used [0x00000000d1200000, 0x00000000d1200000, 0x00000000d3420000)
  from space 4352K,  18% used [0x00000000d3420000, 0x00000000d34eb970, 0x00000000d3860000)
  to   space 4352K,   0% used [0x00000000d3860000, 0x00000000d3860000, 0x00000000d3ca0000)
 concurrent mark-sweep generation total 314848K, used 245500K [0x00000000e0c00000, 0x00000000f3f78000, 0x0000000100000000)
 Metaspace       used 330648K, capacity 343437K, committed 343560K, reserved 1347584K
  class space    used 40627K, capacity 45570K, committed 45684K, reserved 1048576K
}
Event: 2389,052 GC heap before
{Heap before GC invocations=828 (full 13):
 par new generation   total 39296K, used 35758K [0x00000000d1200000, 0x00000000d3ca0000, 0x00000000e0c00000)
  eden space 34944K, 100% used [0x00000000d1200000, 0x00000000d3420000, 0x00000000d3420000)
  from space 4352K,  18% used [0x00000000d3420000, 0x00000000d34eb970, 0x00000000d3860000)
  to   space 4352K,   0% used [0x00000000d3860000, 0x00000000d3860000, 0x00000000d3ca0000)
 concurrent mark-sweep generation total 314848K, used 245500K [0x00000000e0c00000, 0x00000000f3f78000, 0x0000000100000000)
 Metaspace       used 330655K, capacity 343437K, committed 343560K, reserved 1347584K
  class space    used 40627K, capacity 45570K, committed 45684K, reserved 1048576K
}
Event: 2389,055 GC heap after
{Heap after GC invocations=829 (full 13):
 par new generation   total 39296K, used 482K [0x00000000d1200000, 0x00000000d3ca0000, 0x00000000e0c00000)
  eden space 34944K,   0% used [0x00000000d1200000, 0x00000000d1200000, 0x00000000d3420000)
  from space 4352K,  11% used [0x00000000d3860000, 0x00000000d38d89f8, 0x00000000d3ca0000)
  to   space 4352K,   0% used [0x00000000d3420000, 0x00000000d3420000, 0x00000000d3860000)
 concurrent mark-sweep generation total 314848K, used 245519K [0x00000000e0c00000, 0x00000000f3f78000, 0x0000000100000000)
 Metaspace       used 330655K, capacity 343437K, committed 343560K, reserved 1347584K
  class space    used 40627K, capacity 45570K, committed 45684K, reserved 1048576K
}
Event: 2389,835 GC heap before
{Heap before GC invocations=829 (full 13):
 par new generation   total 39296K, used 35302K [0x00000000d1200000, 0x00000000d3ca0000, 0x00000000e0c00000)
  eden space 34944K,  99% used [0x00000000d1200000, 0x00000000d3401058, 0x00000000d3420000)
  from space 4352K,  11% used [0x00000000d3860000, 0x00000000d38d89f8, 0x00000000d3ca0000)
  to   space 4352K,   0% used [0x00000000d3420000, 0x00000000d3420000, 0x00000000d3860000)
 concurrent mark-sweep generation total 314848K, used 245519K [0x00000000e0c00000, 0x00000000f3f78000, 0x0000000100000000)
 Metaspace       used 330677K, capacity 343437K, committed 343560K, reserved 1347584K
  class space    used 40627K, capacity 45570K, committed 45684K, reserved 1048576K
}
Event: 2389,839 GC heap after
{Heap after GC invocations=830 (full 13):
 par new generation   total 39296K, used 1354K [0x00000000d1200000, 0x00000000d3ca0000, 0x00000000e0c00000)
  eden space 34944K,   0% used [0x00000000d1200000, 0x00000000d1200000, 0x00000000d3420000)
  from space 4352K,  31% used [0x00000000d3420000, 0x00000000d35729b8, 0x00000000d3860000)
  to   space 4352K,   0% used [0x00000000d3860000, 0x00000000d3860000, 0x00000000d3ca0000)
 concurrent mark-sweep generation total 314848K, used 245621K [0x00000000e0c00000, 0x00000000f3f78000, 0x0000000100000000)
 Metaspace       used 330677K, capacity 343437K, committed 343560K, reserved 1347584K
  class space    used 40627K, capacity 45570K, committed 45684K, reserved 1048576K
}

