# JRE version: OpenJDK Runtime Environment (11.0.7+10) (build 11.0.7+10-b765.53)
# Java VM: OpenJDK 64-Bit Server VM (11.0.7+10-b765.53, mixed mode, tiered, compressed oops, concurrent mark sweep gc, linux-amd64)
Heap:
 par new generation   total 150336K, used 131774K [0x00000000d1200000, 0x00000000db520000, 0x00000000e0c00000)
  eden space 133632K,  89% used [0x00000000d1200000, 0x00000000d86fc780, 0x00000000d9480000)
  from space 16704K,  71% used [0x00000000d9480000, 0x00000000da033230, 0x00000000da4d0000)
  to   space 16704K,   0% used [0x00000000da4d0000, 0x00000000da4d0000, 0x00000000db520000)
 concurrent mark-sweep generation total 512000K, used 270216K [0x00000000e0c00000, 0x0000000100000000, 0x0000000100000000)
 Metaspace       used 346783K, capacity 359749K, committed 359892K, reserved 1363968K
  class space    used 41699K, capacity 46643K, committed 46696K, reserved 1048576K
GC Heap History (20 events):
Event: 10133,015 GC heap before
{Heap before GC invocations=2140 (full 30):
 par new generation   total 150336K, used 150336K [0x00000000d1200000, 0x00000000db520000, 0x00000000e0c00000)
  eden space 133632K, 100% used [0x00000000d1200000, 0x00000000d9480000, 0x00000000d9480000)
  from space 16704K, 100% used [0x00000000d9480000, 0x00000000da4d0000, 0x00000000da4d0000)
  to   space 16704K,   0% used [0x00000000da4d0000, 0x00000000da4d0000, 0x00000000db520000)
 concurrent mark-sweep generation total 512000K, used 251072K [0x00000000e0c00000, 0x0000000100000000, 0x0000000100000000)
 Metaspace       used 346495K, capacity 359465K, committed 359892K, reserved 1363968K
  class space    used 41669K, capacity 46593K, committed 46696K, reserved 1048576K
}
Event: 10133,032 GC heap after
{Heap after GC invocations=2141 (full 30):
 par new generation   total 150336K, used 15241K [0x00000000d1200000, 0x00000000db520000, 0x00000000e0c00000)
  eden space 133632K,   0% used [0x00000000d1200000, 0x00000000d1200000, 0x00000000d9480000)
  from space 16704K,  91% used [0x00000000da4d0000, 0x00000000db3b24e0, 0x00000000db520000)
  to   space 16704K,   0% used [0x00000000d9480000, 0x00000000d9480000, 0x00000000da4d0000)
 concurrent mark-sweep generation total 512000K, used 266714K [0x00000000e0c00000, 0x0000000100000000, 0x0000000100000000)
 Metaspace       used 346495K, capacity 359465K, committed 359892K, reserved 1363968K
  class space    used 41669K, capacity 46593K, committed 46696K, reserved 1048576K
}
Event: 10144,890 GC heap before
{Heap before GC invocations=2141 (full 30):
 par new generation   total 150336K, used 148873K [0x00000000d1200000, 0x00000000db520000, 0x00000000e0c00000)
  eden space 133632K,  99% used [0x00000000d1200000, 0x00000000d947fff0, 0x00000000d9480000)
  from space 16704K,  91% used [0x00000000da4d0000, 0x00000000db3b24e0, 0x00000000db520000)
  to   space 16704K,   0% used [0x00000000d9480000, 0x00000000d9480000, 0x00000000da4d0000)
 concurrent mark-sweep generation total 512000K, used 266714K [0x00000000e0c00000, 0x0000000100000000, 0x0000000100000000)
 Metaspace       used 346562K, capacity 359536K, committed 359892K, reserved 1363968K
  class space    used 41669K, capacity 46593K, committed 46696K, reserved 1048576K
}
Event: 10144,896 GC heap after
{Heap after GC invocations=2142 (full 30):
 par new generation   total 150336K, used 8382K [0x00000000d1200000, 0x00000000db520000, 0x00000000e0c00000)
  eden space 133632K,   0% used [0x00000000d1200000, 0x00000000d1200000, 0x00000000d9480000)
  from space 16704K,  50% used [0x00000000d9480000, 0x00000000d9cafa18, 0x00000000da4d0000)
  to   space 16704K,   0% used [0x00000000da4d0000, 0x00000000da4d0000, 0x00000000db520000)
 concurrent mark-sweep generation total 512000K, used 266714K [0x00000000e0c00000, 0x0000000100000000, 0x0000000100000000)
 Metaspace       used 346562K, capacity 359536K, committed 359892K, reserved 1363968K
  class space    used 41669K, capacity 46593K, committed 46696K, reserved 1048576K
}
Event: 10174,654 GC heap before
{Heap before GC invocations=2142 (full 30):
 par new generation   total 150336K, used 142014K [0x00000000d1200000, 0x00000000db520000, 0x00000000e0c00000)
  eden space 133632K, 100% used [0x00000000d1200000, 0x00000000d9480000, 0x00000000d9480000)
  from space 16704K,  50% used [0x00000000d9480000, 0x00000000d9cafa18, 0x00000000da4d0000)
  to   space 16704K,   0% used [0x00000000da4d0000, 0x00000000da4d0000, 0x00000000db520000)
 concurrent mark-sweep generation total 512000K, used 266714K [0x00000000e0c00000, 0x0000000100000000, 0x0000000100000000)
 Metaspace       used 346694K, capacity 359678K, committed 359892K, reserved 1363968K
  class space    used 41695K, capacity 46641K, committed 46696K, reserved 1048576K
}
Event: 10174,663 GC heap after
{Heap after GC invocations=2143 (full 30):
 par new generation   total 150336K, used 11176K [0x00000000d1200000, 0x00000000db520000, 0x00000000e0c00000)
  eden space 133632K,   0% used [0x00000000d1200000, 0x00000000d1200000, 0x00000000d9480000)
  from space 16704K,  66% used [0x00000000da4d0000, 0x00000000dafba098, 0x00000000db520000)
  to   space 16704K,   0% used [0x00000000d9480000, 0x00000000d9480000, 0x00000000da4d0000)
 concurrent mark-sweep generation total 512000K, used 266714K [0x00000000e0c00000, 0x0000000100000000, 0x0000000100000000)
 Metaspace       used 346694K, capacity 359678K, committed 359892K, reserved 1363968K
  class space    used 41695K, capacity 46641K, committed 46696K, reserved 1048576K
}
Event: 10194,769 GC heap before
{Heap before GC invocations=2143 (full 30):
 par new generation   total 150336K, used 144808K [0x00000000d1200000, 0x00000000db520000, 0x00000000e0c00000)
  eden space 133632K, 100% used [0x00000000d1200000, 0x00000000d9480000, 0x00000000d9480000)
  from space 16704K,  66% used [0x00000000da4d0000, 0x00000000dafba098, 0x00000000db520000)
  to   space 16704K,   0% used [0x00000000d9480000, 0x00000000d9480000, 0x00000000da4d0000)
 concurrent mark-sweep generation total 512000K, used 266714K [0x00000000e0c00000, 0x0000000100000000, 0x0000000100000000)
 Metaspace       used 346714K, capacity 359742K, committed 359892K, reserved 1363968K
  class space    used 41695K, capacity 46641K, committed 46696K, reserved 1048576K
}
Event: 10194,776 GC heap after
{Heap after GC invocations=2144 (full 30):
 par new generation   total 150336K, used 9218K [0x00000000d1200000, 0x00000000db520000, 0x00000000e0c00000)
  eden space 133632K,   0% used [0x00000000d1200000, 0x00000000d1200000, 0x00000000d9480000)
  from space 16704K,  55% used [0x00000000d9480000, 0x00000000d9d80968, 0x00000000da4d0000)
  to   space 16704K,   0% used [0x00000000da4d0000, 0x00000000da4d0000, 0x00000000db520000)
 concurrent mark-sweep generation total 512000K, used 266714K [0x00000000e0c00000, 0x0000000100000000, 0x0000000100000000)
 Metaspace       used 346714K, capacity 359742K, committed 359892K, reserved 1363968K
  class space    used 41695K, capacity 46641K, committed 46696K, reserved 1048576K
}
Event: 10196,974 GC heap before
{Heap before GC invocations=2144 (full 30):
 par new generation   total 150336K, used 142850K [0x00000000d1200000, 0x00000000db520000, 0x00000000e0c00000)
  eden space 133632K, 100% used [0x00000000d1200000, 0x00000000d9480000, 0x00000000d9480000)
  from space 16704K,  55% used [0x00000000d9480000, 0x00000000d9d80968, 0x00000000da4d0000)
  to   space 16704K,   0% used [0x00000000da4d0000, 0x00000000da4d0000, 0x00000000db520000)
 concurrent mark-sweep generation total 512000K, used 266714K [0x00000000e0c00000, 0x0000000100000000, 0x0000000100000000)
 Metaspace       used 346721K, capacity 359742K, committed 359892K, reserved 1363968K
  class space    used 41695K, capacity 46641K, committed 46696K, reserved 1048576K
}
Event: 10196,984 GC heap after
{Heap after GC invocations=2145 (full 30):
 par new generation   total 150336K, used 10981K [0x00000000d1200000, 0x00000000db520000, 0x00000000e0c00000)
  eden space 133632K,   0% used [0x00000000d1200000, 0x00000000d1200000, 0x00000000d9480000)
  from space 16704K,  65% used [0x00000000da4d0000, 0x00000000daf897a0, 0x00000000db520000)
  to   space 16704K,   0% used [0x00000000d9480000, 0x00000000d9480000, 0x00000000da4d0000)
 concurrent mark-sweep generation total 512000K, used 266714K [0x00000000e0c00000, 0x0000000100000000, 0x0000000100000000)
 Metaspace       used 346721K, capacity 359742K, committed 359892K, reserved 1363968K
  class space    used 41695K, capacity 46641K, committed 46696K, reserved 1048576K
}
Event: 10201,396 GC heap before
{Heap before GC invocations=2145 (full 30):
 par new generation   total 150336K, used 144613K [0x00000000d1200000, 0x00000000db520000, 0x00000000e0c00000)
  eden space 133632K, 100% used [0x00000000d1200000, 0x00000000d9480000, 0x00000000d9480000)
  from space 16704K,  65% used [0x00000000da4d0000, 0x00000000daf897a0, 0x00000000db520000)
  to   space 16704K,   0% used [0x00000000d9480000, 0x00000000d9480000, 0x00000000da4d0000)
 concurrent mark-sweep generation total 512000K, used 266714K [0x00000000e0c00000, 0x0000000100000000, 0x0000000100000000)
 Metaspace       used 346727K, capacity 359742K, committed 359892K, reserved 1363968K
  class space    used 41695K, capacity 46641K, committed 46696K, reserved 1048576K
}
Event: 10201,403 GC heap after
{Heap after GC invocations=2146 (full 30):
 par new generation   total 150336K, used 10932K [0x00000000d1200000, 0x00000000db520000, 0x00000000e0c00000)
  eden space 133632K,   0% used [0x00000000d1200000, 0x00000000d1200000, 0x00000000d9480000)
  from space 16704K,  65% used [0x00000000d9480000, 0x00000000d9f2d0d0, 0x00000000da4d0000)
  to   space 16704K,   0% used [0x00000000da4d0000, 0x00000000da4d0000, 0x00000000db520000)
 concurrent mark-sweep generation total 512000K, used 266714K [0x00000000e0c00000, 0x0000000100000000, 0x0000000100000000)
 Metaspace       used 346727K, capacity 359742K, committed 359892K, reserved 1363968K
  class space    used 41695K, capacity 46641K, committed 46696K, reserved 1048576K
}
Event: 10207,384 GC heap before
{Heap before GC invocations=2146 (full 30):
 par new generation   total 150336K, used 144564K [0x00000000d1200000, 0x00000000db520000, 0x00000000e0c00000)
  eden space 133632K, 100% used [0x00000000d1200000, 0x00000000d9480000, 0x00000000d9480000)
  from space 16704K,  65% used [0x00000000d9480000, 0x00000000d9f2d0d0, 0x00000000da4d0000)
  to   space 16704K,   0% used [0x00000000da4d0000, 0x00000000da4d0000, 0x00000000db520000)
 concurrent mark-sweep generation total 512000K, used 266714K [0x00000000e0c00000, 0x0000000100000000, 0x0000000100000000)
 Metaspace       used 346728K, capacity 359743K, committed 359892K, reserved 1363968K
  class space    used 41695K, capacity 46641K, committed 46696K, reserved 1048576K
}
Event: 10207,397 GC heap after
{Heap after GC invocations=2147 (full 30):
 par new generation   total 150336K, used 12691K [0x00000000d1200000, 0x00000000db520000, 0x00000000e0c00000)
  eden space 133632K,   0% used [0x00000000d1200000, 0x00000000d1200000, 0x00000000d9480000)
  from space 16704K,  75% used [0x00000000da4d0000, 0x00000000db134e70, 0x00000000db520000)
  to   space 16704K,   0% used [0x00000000d9480000, 0x00000000d9480000, 0x00000000da4d0000)
 concurrent mark-sweep generation total 512000K, used 267492K [0x00000000e0c00000, 0x0000000100000000, 0x0000000100000000)
 Metaspace       used 346728K, capacity 359743K, committed 359892K, reserved 1363968K
  class space    used 41695K, capacity 46641K, committed 46696K, reserved 1048576K
}
Event: 10221,980 GC heap before
{Heap before GC invocations=2147 (full 30):
 par new generation   total 150336K, used 146323K [0x00000000d1200000, 0x00000000db520000, 0x00000000e0c00000)
  eden space 133632K, 100% used [0x00000000d1200000, 0x00000000d9480000, 0x00000000d9480000)
  from space 16704K,  75% used [0x00000000da4d0000, 0x00000000db134e70, 0x00000000db520000)
  to   space 16704K,   0% used [0x00000000d9480000, 0x00000000d9480000, 0x00000000da4d0000)
 concurrent mark-sweep generation total 512000K, used 267492K [0x00000000e0c00000, 0x0000000100000000, 0x0000000100000000)
 Metaspace       used 346749K, capacity 359749K, committed 359892K, reserved 1363968K
  class space    used 41698K, capacity 46643K, committed 46696K, reserved 1048576K
}
Event: 10221,989 GC heap after
{Heap after GC invocations=2148 (full 30):
 par new generation   total 150336K, used 12291K [0x00000000d1200000, 0x00000000db520000, 0x00000000e0c00000)
  eden space 133632K,   0% used [0x00000000d1200000, 0x00000000d1200000, 0x00000000d9480000)
  from space 16704K,  73% used [0x00000000d9480000, 0x00000000da080e38, 0x00000000da4d0000)
  to   space 16704K,   0% used [0x00000000da4d0000, 0x00000000da4d0000, 0x00000000db520000)
 concurrent mark-sweep generation total 512000K, used 267679K [0x00000000e0c00000, 0x0000000100000000, 0x0000000100000000)
 Metaspace       used 346749K, capacity 359749K, committed 359892K, reserved 1363968K
  class space    used 41698K, capacity 46643K, committed 46696K, reserved 1048576K
}
Event: 10226,111 GC heap before
{Heap before GC invocations=2148 (full 30):
 par new generation   total 150336K, used 145923K [0x00000000d1200000, 0x00000000db520000, 0x00000000e0c00000)
  eden space 133632K, 100% used [0x00000000d1200000, 0x00000000d9480000, 0x00000000d9480000)
  from space 16704K,  73% used [0x00000000d9480000, 0x00000000da080e38, 0x00000000da4d0000)
  to   space 16704K,   0% used [0x00000000da4d0000, 0x00000000da4d0000, 0x00000000db520000)
 concurrent mark-sweep generation total 512000K, used 267679K [0x00000000e0c00000, 0x0000000100000000, 0x0000000100000000)
 Metaspace       used 346758K, capacity 359749K, committed 359892K, reserved 1363968K
  class space    used 41698K, capacity 46643K, committed 46696K, reserved 1048576K
}
Event: 10226,121 GC heap after
{Heap after GC invocations=2149 (full 30):
 par new generation   total 150336K, used 14413K [0x00000000d1200000, 0x00000000db520000, 0x00000000e0c00000)
  eden space 133632K,   0% used [0x00000000d1200000, 0x00000000d1200000, 0x00000000d9480000)
  from space 16704K,  86% used [0x00000000da4d0000, 0x00000000db2e35e0, 0x00000000db520000)
  to   space 16704K,   0% used [0x00000000d9480000, 0x00000000d9480000, 0x00000000da4d0000)
 concurrent mark-sweep generation total 512000K, used 268235K [0x00000000e0c00000, 0x0000000100000000, 0x0000000100000000)
 Metaspace       used 346758K, capacity 359749K, committed 359892K, reserved 1363968K
  class space    used 41698K, capacity 46643K, committed 46696K, reserved 1048576K
}
Event: 10238,164 GC heap before
{Heap before GC invocations=2149 (full 30):
 par new generation   total 150336K, used 148045K [0x00000000d1200000, 0x00000000db520000, 0x00000000e0c00000)
  eden space 133632K, 100% used [0x00000000d1200000, 0x00000000d9480000, 0x00000000d9480000)
  from space 16704K,  86% used [0x00000000da4d0000, 0x00000000db2e35e0, 0x00000000db520000)
  to   space 16704K,   0% used [0x00000000d9480000, 0x00000000d9480000, 0x00000000da4d0000)
 concurrent mark-sweep generation total 512000K, used 268235K [0x00000000e0c00000, 0x0000000100000000, 0x0000000100000000)
 Metaspace       used 346773K, capacity 359749K, committed 359892K, reserved 1363968K
  class space    used 41698K, capacity 46643K, committed 46696K, reserved 1048576K
}
Event: 10238,174 GC heap after
{Heap after GC invocations=2150 (full 30):
 par new generation   total 150336K, used 11980K [0x00000000d1200000, 0x00000000db520000, 0x00000000e0c00000)
  eden space 133632K,   0% used [0x00000000d1200000, 0x00000000d1200000, 0x00000000d9480000)
  from space 16704K,  71% used [0x00000000d9480000, 0x00000000da033230, 0x00000000da4d0000)
  to   space 16704K,   0% used [0x00000000da4d0000, 0x00000000da4d0000, 0x00000000db520000)
 concurrent mark-sweep generation total 512000K, used 270216K [0x00000000e0c00000, 0x0000000100000000, 0x0000000100000000)
 Metaspace       used 346773K, capacity 359749K, committed 359892K, reserved 1363968K
  class space    used 41698K, capacity 46643K, committed 46696K, reserved 1048576K
}

